<?xml version='1.0' encoding='UTF-8'?>
<testsuite hostname="OSTML0244802" name="com.nk.crud.ImageEndpointFeature" tests="3" errors="0" failures="0" skipped="0" time="1.089">
                     <properties>
[...]
</properties>
                     <testcase classname="com.nk.crud.ImageEndpointFeature" name="Feature: image api Scenario: success creation" time="0.938">
                                                 
                                               </testcase><testcase classname="com.nk.crud.ImageEndpointFeature" name="Feature: image api Scenario: success get after success creation" time="0.107">
                                                 
                                               </testcase><testcase classname="com.nk.crud.ImageEndpointFeature" name="Feature: image api Scenario: invalid id on get" time="0.044">
                                                 
                                               </testcase>
                     <system-out><![CDATA[]]></system-out>
                     <system-err><![CDATA[]]></system-err>
                   </testsuite>