<?xml version="1.0" encoding="UTF-8" ?>
<testsuite 
errors="0" failures="0" hostname="OSTML0244802" name="com.nk.crud.ImageEndpointFeature" tests="3" time="1.166" timestamp="2018-04-05T15:33:05">
  <properties>
[...]
</properties>
  <testcase 
  name="Feature: image api Scenario: success creation" classname="com.nk.crud.ImageEndpointFeature" time="0.94">
</testcase>
  <testcase 
  name="Feature: image api Scenario: success get after success creation" classname="com.nk.crud.ImageEndpointFeature" time="0.107">
</testcase>
  <testcase 
  name="Feature: image api Scenario: invalid id on get" classname="com.nk.crud.ImageEndpointFeature" time="0.044">
</testcase>
  <system-out><![CDATA[]]></system-out>
  <system-err><![CDATA[]]></system-err>
</testsuite>
